<?xml version="1.0" encoding="UTF-8"?>
<!-- Generated by org.testng.reporters.JUnitXMLReporter -->
<testsuite ignored="0" hostname="pczones-MacBook-Pro.local" failures="0" tests="5" name="Test" time="27.933" errors="0" timestamp="2020-04-11T18:43:28 CEST">
  <testcase classname="tests.HomePage_Test" name="womenSummerDressesTest" time="6.995"/>
  <testcase classname="tests.HomePage_Test" name="dressesSummerDressesTest" time="3.039"/>
  <testcase classname="tests.HomePage_Test" name="summerDressesSamePageTest" time="0.0"/>
  <testcase classname="tests.RegistrationAfterBuy_Test" name="choseDressTest" time="9.468"/>
  <testcase classname="tests.RegistrationAfterBuy_Test" name="registrationAfterBuy" time="6.025"/>
</testsuite> <!-- Test -->
