<?xml version="1.0" encoding="UTF-8"?>
<!-- Generated by org.testng.reporters.JUnitXMLReporter -->
<testsuite ignored="0" hostname="pczones-MacBook-Pro.local" failures="0" tests="4" name="TestInfo" time="495.96" errors="0" timestamp="2020-04-11T18:21:46 CEST">
  <testcase classname="tests.RegistrationAfterBuy_Test" name="choseDressTest" time="7.729"/>
  <testcase classname="tests.RegistrationAfterBuy_Test" name="registrationAfterBuy" time="6.22"/>
  <testcase classname="tests.Registration_Test" name="registrationTest" time="231.04"/>
  <testcase classname="tests.LogIn_Test" name="loginTest" time="246.959"/>
</testsuite> <!-- TestInfo -->
