<?xml version="1.0" encoding="UTF-8"?>
<!-- Generated by org.testng.reporters.JUnitXMLReporter -->
<testsuite ignored="0" hostname="pczones-MacBook-Pro.local" failures="0" tests="5" name="Test" time="26.079" errors="0" timestamp="2020-04-11T19:02:08 CEST">
  <testcase classname="tests.HomePage_Test" name="womenSummerDressesTest" time="4.819"/>
  <testcase classname="tests.HomePage_Test" name="dressesSummerDressesTest" time="3.123"/>
  <testcase classname="tests.HomePage_Test" name="summerDressesSamePageTest" time="0.001"/>
  <testcase classname="tests.RegistrationAfterBuy_Test" name="choseDressTest" time="8.047"/>
  <testcase classname="tests.RegistrationAfterBuy_Test" name="registrationAfterBuy" time="6.956"/>
</testsuite> <!-- Test -->
